Using pre-set license
Built from '2020.2/staging' branch; Version is '2020.2.3f1 (8ff31bc5bf5b) revision 9433883'; Using compiler version '192528614'; Build Type 'Release'
OS: 'Windows 10 Pro; OS build 19042.928; Version 2009; 64bit' Language: 'en' Physical Memory: 32625 MB
BatchMode: 1, IsHumanControllingUs: 0, StartBugReporterOnCrash: 0, Is64bit: 1, IsPro: 0

 COMMAND LINE ARGUMENTS:
C:\Program Files\Unity\Hub\Editor\2020.2.3f1\Editor\Unity.exe
-adb2
-batchMode
-noUpm
-name
AssetImportWorker0
-projectPath
C:/MAL/MAL VR
-logFile
Logs/AssetImportWorker0.log
-srvPort
60786
Successfully changed project path to: C:/MAL/MAL VR
C:/MAL/MAL VR
Using Asset Import Pipeline V2.
Refreshing native plugins compatible for Editor in 54.89 ms, found 0 plugins.
Preloading 0 native plugins for Editor in 0.00 ms.
Initialize engine version: 2020.2.3f1 (8ff31bc5bf5b)
[Subsystems] Discovering subsystems at path C:/Program Files/Unity/Hub/Editor/2020.2.3f1/Editor/Data/Resources/UnitySubsystems
[Subsystems] Discovering subsystems at path C:/MAL/MAL VR/Assets
GfxDevice: creating device client; threaded=0
Direct3D:
    Version:  Direct3D 11.0 [level 11.1]
    Renderer: NVIDIA GeForce RTX 2080 with Max-Q Design (ID=0x1e90)
    Vendor:   
    VRAM:     8010 MB
    Driver:   27.21.14.5206
Initialize mono
Mono path[0] = 'C:/Program Files/Unity/Hub/Editor/2020.2.3f1/Editor/Data/Managed'
Mono path[1] = 'C:/Program Files/Unity/Hub/Editor/2020.2.3f1/Editor/Data/MonoBleedingEdge/lib/mono/unityjit'
Mono config path = 'C:/Program Files/Unity/Hub/Editor/2020.2.3f1/Editor/Data/MonoBleedingEdge/etc'
Using monoOptions --debugger-agent=transport=dt_socket,embedding=1,server=y,suspend=n,address=127.0.0.1:56368
Begin MonoManager ReloadAssembly
Registering precompiled unity dll's ...
Register platform support module: C:/Program Files/Unity/Hub/Editor/2020.2.3f1/Editor/Data/PlaybackEngines/WindowsStandaloneSupport/UnityEditor.WindowsStandalone.Extensions.dll
Registered in 0.003192 seconds.
Native extension for WindowsStandalone target not found
Refreshing native plugins compatible for Editor in 42.95 ms, found 0 plugins.
Preloading 0 native plugins for Editor in 0.00 ms.
Invoked RoslynAnalysisRunner static constructor.
RoslynAnalysisRunner will not be running.
RoslynAnalysisRunner has terminated.
Mono: successfully reloaded assembly
- Completed reload, in  1.758 seconds
Platform modules already initialized, skipping
Registering precompiled user dll's ...
Registered in 0.001232 seconds.
Begin MonoManager ReloadAssembly
Native extension for WindowsStandalone target not found
Refreshing native plugins compatible for Editor in 50.18 ms, found 0 plugins.
Preloading 0 native plugins for Editor in 0.00 ms.
Invoked RoslynAnalysisRunner static constructor.
RoslynAnalysisRunner will not be running.
RoslynAnalysisRunner has terminated.
Mono: successfully reloaded assembly
- Completed reload, in  1.701 seconds
Platform modules already initialized, skipping
========================================================================
Worker process is ready to serve import requests
Launched and connected shader compiler UnityShaderCompiler.exe after 0.09 seconds
Refreshing native plugins compatible for Editor in 0.48 ms, found 0 plugins.
Preloading 0 native plugins for Editor in 0.00 ms.
Unloading 1500 Unused Serialized files (Serialized files now loaded: 0)
System memory in use before: 70.1 MB.
System memory in use after: 70.2 MB.

Unloading 11 unused Assets to reduce memory usage. Loaded Objects now: 1944.
Total: 3.078900 ms (FindLiveObjects: 0.484200 ms CreateObjectMapping: 0.169800 ms MarkObjects: 2.330300 ms  DeleteObjects: 0.092400 ms)

========================================================================
Received Import Request.
  path: Assets
  artifactKey: Guid(00000000000000001000000000000000) Importer(815301076,1909f56bfc062723c751e8b465ee728b)
Start importing Assets using Guid(00000000000000001000000000000000) Importer(815301076,1909f56bfc062723c751e8b465ee728b)  -> (artifact id: '653ce283d384579a24208b2e4d727c2a') in 0.017437 seconds
  Import took 0.023429 seconds .

========================================================================
Received Import Request.
  Time since last request: 16.136252 seconds.
  path: Assets/Prefabs
  artifactKey: Guid(544de8ae0bc0ea449888fbeb198e9984) Importer(815301076,1909f56bfc062723c751e8b465ee728b)
Start importing Assets/Prefabs using Guid(544de8ae0bc0ea449888fbeb198e9984) Importer(815301076,1909f56bfc062723c751e8b465ee728b)  -> (artifact id: '1d845b405a15d588a88eb5df119f013d') in 0.012554 seconds
  Import took 0.016720 seconds .

========================================================================
Received Import Request.
  Time since last request: 6.609402 seconds.
  path: Assets/Prefabs/Sphere.prefab
  artifactKey: Guid(d966aa6e899b9794dba35cca6cf62416) Importer(815301076,1909f56bfc062723c751e8b465ee728b)
Start importing Assets/Prefabs/Sphere.prefab using Guid(d966aa6e899b9794dba35cca6cf62416) Importer(815301076,1909f56bfc062723c751e8b465ee728b)  -> (artifact id: '25fc5f8df1542da86dbe6152d385a4ed') in 0.283990 seconds
  Import took 0.289029 seconds .

========================================================================
Received Import Request.
  Time since last request: 72.101591 seconds.
  path: Assets/Scenes
  artifactKey: Guid(f3eee22d02bb965448e06bc318077c59) Importer(815301076,1909f56bfc062723c751e8b465ee728b)
Start importing Assets/Scenes using Guid(f3eee22d02bb965448e06bc318077c59) Importer(815301076,1909f56bfc062723c751e8b465ee728b)  -> (artifact id: '5e7594d11d242bc6b6e2319a26988f5b') in 0.014764 seconds
  Import took 0.021354 seconds .

========================================================================
Received Import Request.
  Time since last request: 5.876778 seconds.
  path: Assets/Scenes/SampleScene.unity
  artifactKey: Guid(9fc0d4010bbf28b4594072e72b8655ab) Importer(815301076,1909f56bfc062723c751e8b465ee728b)
Start importing Assets/Scenes/SampleScene.unity using Guid(9fc0d4010bbf28b4594072e72b8655ab) Importer(815301076,1909f56bfc062723c751e8b465ee728b)  -> (artifact id: '37b6d93d82c58102251c746df3fb27d8') in 0.017137 seconds
  Import took 0.023448 seconds .

========================================================================
Received Import Request.
  Time since last request: 0.003569 seconds.
  path: Assets/Scenes/SampleScene.unity
  artifactKey: Guid(9fc0d4010bbf28b4594072e72b8655ab) Importer(815301076,1909f56bfc062723c751e8b465ee728b)
Start importing Assets/Scenes/SampleScene.unity using Guid(9fc0d4010bbf28b4594072e72b8655ab) Importer(815301076,1909f56bfc062723c751e8b465ee728b)  -> (artifact id: '37b6d93d82c58102251c746df3fb27d8') in 0.006371 seconds
  Import took 0.012911 seconds .

========================================================================
Received Import Request.
  Time since last request: 0.759951 seconds.
  path: Assets/Scenes/SampleScene 1.unity
  artifactKey: Guid(4f2961c3c1b68de4abf3060638ed4055) Importer(815301076,1909f56bfc062723c751e8b465ee728b)
Start importing Assets/Scenes/SampleScene 1.unity using Guid(4f2961c3c1b68de4abf3060638ed4055) Importer(815301076,1909f56bfc062723c751e8b465ee728b)  -> (artifact id: 'cc23bc9a674f7f7556d5895f8f74a6be') in 0.019252 seconds
  Import took 0.025922 seconds .

========================================================================
Received Import Request.
  Time since last request: 5.594524 seconds.
  path: Assets/Scenes/Scene 2.unity
  artifactKey: Guid(4f2961c3c1b68de4abf3060638ed4055) Importer(815301076,1909f56bfc062723c751e8b465ee728b)
Start importing Assets/Scenes/Scene 2.unity using Guid(4f2961c3c1b68de4abf3060638ed4055) Importer(815301076,1909f56bfc062723c751e8b465ee728b)  -> (artifact id: '01135a5fb1c8ef3d8d1367aad659fb7d') in 0.019776 seconds
  Import took 0.025622 seconds .

========================================================================
Received Import Request.
  Time since last request: 4.996312 seconds.
  path: Assets/Scenes/SampleScene 1.unity
  artifactKey: Guid(fecbade4fb632f440980b2d142134e55) Importer(815301076,1909f56bfc062723c751e8b465ee728b)
Start importing Assets/Scenes/SampleScene 1.unity using Guid(fecbade4fb632f440980b2d142134e55) Importer(815301076,1909f56bfc062723c751e8b465ee728b)  -> (artifact id: 'd9a0f94fe75f8fd7979b37ade514ef0d') in 0.004727 seconds
  Import took 0.009630 seconds .

========================================================================
Received Import Request.
  Time since last request: 3.912593 seconds.
  path: Assets/Scenes/Scene 3.unity
  artifactKey: Guid(fecbade4fb632f440980b2d142134e55) Importer(815301076,1909f56bfc062723c751e8b465ee728b)
Start importing Assets/Scenes/Scene 3.unity using Guid(fecbade4fb632f440980b2d142134e55) Importer(815301076,1909f56bfc062723c751e8b465ee728b)  -> (artifact id: '5f4f46e76129665d725089b36f864d05') in 0.022206 seconds
  Import took 0.028583 seconds .

========================================================================
Received Prepare
Registering precompiled user dll's ...
Registered in 0.000972 seconds.
Begin MonoManager ReloadAssembly
Native extension for WindowsStandalone target not found
Refreshing native plugins compatible for Editor in 0.28 ms, found 0 plugins.
Preloading 0 native plugins for Editor in 0.00 ms.
Invoked RoslynAnalysisRunner static constructor.
RoslynAnalysisRunner will not be running.
RoslynAnalysisRunner has terminated.
Mono: successfully reloaded assembly
- Completed reload, in  1.183 seconds
Platform modules already initialized, skipping
Switching build target platform(5) subTarget(0) extendedPlatform(0) -> platform(13) subTarget(537395200) extendedPlatform(0)
Refreshing native plugins compatible for Editor in 0.75 ms, found 0 plugins.
Preloading 0 native plugins for Editor in 0.00 ms.
Unloading 1498 Unused Serialized files (Serialized files now loaded: 0)
System memory in use before: 73.4 MB.
System memory in use after: 73.5 MB.

Unloading 6 unused Assets to reduce memory usage. Loaded Objects now: 1954.
Total: 1.986700 ms (FindLiveObjects: 0.179500 ms CreateObjectMapping: 0.061600 ms MarkObjects: 1.720200 ms  DeleteObjects: 0.024200 ms)

AssetImportParameters requested are different than current active one (requested -> active):
  custom:graphics/normal-map-encoding: 01000000000000000000000000000000 -> 02000000000000000000000000000000
========================================================================
Received Import Request.
  Time since last request: 2559.162929 seconds.
  path: Assets/Scenes/SampleSceneSettings.lighting
  artifactKey: Guid(57477617a7911ae4896d29df4674f1cd) Importer(815301076,1909f56bfc062723c751e8b465ee728b)
Start importing Assets/Scenes/SampleSceneSettings.lighting using Guid(57477617a7911ae4896d29df4674f1cd) Importer(815301076,1909f56bfc062723c751e8b465ee728b)  -> (artifact id: 'e03674d586191aa86a20762a11f92c01') in 0.023728 seconds
  Import took 0.026893 seconds .

========================================================================
Received Import Request.
  Time since last request: 1.921241 seconds.
  path: Assets/Scenes/SampleSceneSettings.lighting
  artifactKey: Guid(57477617a7911ae4896d29df4674f1cd) Importer(815301076,1909f56bfc062723c751e8b465ee728b)
Start importing Assets/Scenes/SampleSceneSettings.lighting using Guid(57477617a7911ae4896d29df4674f1cd) Importer(815301076,1909f56bfc062723c751e8b465ee728b)  -> (artifact id: 'e03674d586191aa86a20762a11f92c01') in 0.003420 seconds
  Import took 0.007932 seconds .

AssetImportWorkerClient::OnTransportError - code=2 error=End of file
