Using pre-set license
Built from '2020.2/staging' branch; Version is '2020.2.3f1 (8ff31bc5bf5b) revision 9433883'; Using compiler version '192528614'; Build Type 'Release'
OS: 'Windows 10 Home; OS build 18362.1016; Version 1903; 64bit' Language: 'en' Physical Memory: 16208 MB
BatchMode: 1, IsHumanControllingUs: 0, StartBugReporterOnCrash: 0, Is64bit: 1, IsPro: 0

 COMMAND LINE ARGUMENTS:
C:\Program Files\Unity\Hub\Editor\2020.2.3f1\Editor\Unity.exe
-adb2
-batchMode
-noUpm
-name
AssetImportWorker0
-projectPath
C:/unity files/MAL/MAL VR
-logFile
Logs/AssetImportWorker0.log
-srvPort
54099
Successfully changed project path to: C:/unity files/MAL/MAL VR
C:/unity files/MAL/MAL VR
Using Asset Import Pipeline V2.
Refreshing native plugins compatible for Editor in 88.00 ms, found 0 plugins.
Preloading 0 native plugins for Editor in 0.00 ms.
Initialize engine version: 2020.2.3f1 (8ff31bc5bf5b)
[Subsystems] Discovering subsystems at path C:/Program Files/Unity/Hub/Editor/2020.2.3f1/Editor/Data/Resources/UnitySubsystems
[Subsystems] Discovering subsystems at path C:/unity files/MAL/MAL VR/Assets
GfxDevice: creating device client; threaded=0
Direct3D:
    Version:  Direct3D 11.0 [level 11.1]
    Renderer: NVIDIA GeForce GTX 1650 with Max-Q Design (ID=0x1f91)
    Vendor:   
    VRAM:     3962 MB
    Driver:   26.21.14.3165
Initialize mono
Mono path[0] = 'C:/Program Files/Unity/Hub/Editor/2020.2.3f1/Editor/Data/Managed'
Mono path[1] = 'C:/Program Files/Unity/Hub/Editor/2020.2.3f1/Editor/Data/MonoBleedingEdge/lib/mono/unityjit'
Mono config path = 'C:/Program Files/Unity/Hub/Editor/2020.2.3f1/Editor/Data/MonoBleedingEdge/etc'
Using monoOptions --debugger-agent=transport=dt_socket,embedding=1,server=y,suspend=n,address=127.0.0.1:56844
Begin MonoManager ReloadAssembly
Registering precompiled unity dll's ...
Register platform support module: C:/Program Files/Unity/Hub/Editor/2020.2.3f1/Editor/Data/PlaybackEngines/WindowsStandaloneSupport/UnityEditor.WindowsStandalone.Extensions.dll
Registered in 0.004787 seconds.
Native extension for WindowsStandalone target not found
Refreshing native plugins compatible for Editor in 90.66 ms, found 0 plugins.
Preloading 0 native plugins for Editor in 0.00 ms.
Invoked RoslynAnalysisRunner static constructor.
RoslynAnalysisRunner will not be running.
RoslynAnalysisRunner has terminated.
Mono: successfully reloaded assembly
- Completed reload, in  4.215 seconds
Platform modules already initialized, skipping
Registering precompiled user dll's ...
Registered in 0.001786 seconds.
Begin MonoManager ReloadAssembly
Native extension for WindowsStandalone target not found
Refreshing native plugins compatible for Editor in 91.04 ms, found 0 plugins.
Preloading 0 native plugins for Editor in 0.00 ms.
Invoked RoslynAnalysisRunner static constructor.
RoslynAnalysisRunner will not be running.
RoslynAnalysisRunner has terminated.
Mono: successfully reloaded assembly
- Completed reload, in  2.536 seconds
Platform modules already initialized, skipping
========================================================================
Worker process is ready to serve import requests
Launched and connected shader compiler UnityShaderCompiler.exe after 0.09 seconds
Refreshing native plugins compatible for Editor in 0.55 ms, found 0 plugins.
Preloading 0 native plugins for Editor in 0.00 ms.
Unloading 1500 Unused Serialized files (Serialized files now loaded: 0)
System memory in use before: 70.2 MB.
System memory in use after: 70.3 MB.

Unloading 11 unused Assets to reduce memory usage. Loaded Objects now: 1944.
Total: 4.428700 ms (FindLiveObjects: 0.357200 ms CreateObjectMapping: 0.163200 ms MarkObjects: 3.747700 ms  DeleteObjects: 0.157300 ms)

========================================================================
Received Import Request.
  path: Assets/Scenes
  artifactKey: Guid(f3eee22d02bb965448e06bc318077c59) Importer(815301076,1909f56bfc062723c751e8b465ee728b)
Start importing Assets/Scenes using Guid(f3eee22d02bb965448e06bc318077c59) Importer(815301076,1909f56bfc062723c751e8b465ee728b)  -> (artifact id: '76b219595a6552b9f1658619f6e05a58') in 0.010803 seconds
  Import took 0.016860 seconds .

========================================================================
Received Import Request.
  Time since last request: 4.092213 seconds.
  path: Assets/Scenes/JiaqiFolder
  artifactKey: Guid(f6039d65f1fed4f4098c071597065a5b) Importer(815301076,1909f56bfc062723c751e8b465ee728b)
Start importing Assets/Scenes/JiaqiFolder using Guid(f6039d65f1fed4f4098c071597065a5b) Importer(815301076,1909f56bfc062723c751e8b465ee728b)  -> (artifact id: '6cd6b375ab0041eedcc74d806d87d9da') in 0.005807 seconds
  Import took 0.011866 seconds .

========================================================================
Received Import Request.
  Time since last request: 9.180118 seconds.
  path: Assets/Scenes/Jiaqi
  artifactKey: Guid(f6039d65f1fed4f4098c071597065a5b) Importer(815301076,1909f56bfc062723c751e8b465ee728b)
Start importing Assets/Scenes/Jiaqi using Guid(f6039d65f1fed4f4098c071597065a5b) Importer(815301076,1909f56bfc062723c751e8b465ee728b)  -> (artifact id: '9a2b56be949e49cda0d5eb6fc41688dd') in 0.006422 seconds
  Import took 0.012514 seconds .

AssetImportWorkerClient::OnTransportError - code=2 error=End of file
